[2023-06-19 09:07:08] INFO lian.sample.ProductApplication(StartupInfoLogger.java:55) - Starting ProductApplication using Java 17.0.3 on limdoyoung with PID 25500 (C:\Users\dlaeh\workSpaces\gradle-multi-module\product\out\production\classes started by dlaeh in C:\Users\dlaeh\workSpaces\gradle-multi-module)
[2023-06-19 09:07:08] INFO lian.sample.ProductApplication(SpringApplication.java:637) - The following 1 profile is active: "local"
[2023-06-19 09:07:09] INFO org.springframework.data.repository.config.RepositoryConfigurationDelegate(RepositoryConfigurationDelegate.java:132) - Bootstrapping Spring Data JPA repositories in DEFAULT mode.
[2023-06-19 09:07:09] INFO org.springframework.data.repository.config.RepositoryConfigurationDelegate(RepositoryConfigurationDelegate.java:201) - Finished Spring Data repository scanning in 1 ms. Found 0 JPA repository interfaces.
[2023-06-19 09:07:09] INFO org.springframework.boot.web.embedded.tomcat.TomcatWebServer(TomcatWebServer.java:108) - Tomcat initialized with port(s): 8081 (http)
[2023-06-19 09:07:09] INFO org.springframework.boot.web.servlet.context.ServletWebServerApplicationContext(ServletWebServerApplicationContext.java:292) - Root WebApplicationContext: initialization completed in 246 ms
[2023-06-19 09:07:09] INFO org.hibernate.jpa.internal.util.LogHelper(LogHelper.java:31) - HHH000204: Processing PersistenceUnitInfo [name: default]
[2023-06-19 09:07:09] INFO org.hibernate.dialect.Dialect(Dialect.java:175) - HHH000400: Using dialect: org.hibernate.dialect.PostgreSQL10Dialect
[2023-06-19 09:07:09] INFO org.hibernate.engine.transaction.jta.platform.internal.JtaPlatformInitiator(JtaPlatformInitiator.java:52) - HHH000490: Using JtaPlatform implementation: [org.hibernate.engine.transaction.jta.platform.internal.NoJtaPlatform]
[2023-06-19 09:07:09] INFO org.springframework.orm.jpa.LocalContainerEntityManagerFactoryBean(AbstractEntityManagerFactoryBean.java:437) - Initialized JPA EntityManagerFactory for persistence unit 'default'
[2023-06-19 09:07:09] WARN org.springframework.boot.autoconfigure.orm.jpa.JpaBaseConfiguration$JpaWebConfiguration(JpaBaseConfiguration.java:223) - spring.jpa.open-in-view is enabled by default. Therefore, database queries may be performed during view rendering. Explicitly configure spring.jpa.open-in-view to disable this warning
[2023-06-19 09:07:09] INFO org.springframework.boot.devtools.autoconfigure.OptionalLiveReloadServer(OptionalLiveReloadServer.java:59) - LiveReload server is running on port 35729
[2023-06-19 09:07:09] INFO org.springframework.boot.web.embedded.tomcat.TomcatWebServer(TomcatWebServer.java:220) - Tomcat started on port(s): 8081 (http) with context path ''
[2023-06-19 09:07:09] INFO lian.sample.ProductApplication(StartupInfoLogger.java:61) - Started ProductApplication in 0.589 seconds (JVM running for 34.171)
[2023-06-19 09:07:09] INFO org.springframework.boot.devtools.autoconfigure.ConditionEvaluationDeltaLoggingListener(ConditionEvaluationDeltaLoggingListener.java:63) - Condition evaluation unchanged
[2023-06-19 09:23:18] INFO org.springframework.boot.devtools.autoconfigure.LocalDevToolsAutoConfiguration$RestartingClassPathChangeChangedEventListener(LocalDevToolsAutoConfiguration.java:211) - Restarting due to 2 class path changes (0 additions, 2 deletions, 0 modifications)
[2023-06-19 09:23:18] INFO org.springframework.orm.jpa.LocalContainerEntityManagerFactoryBean(AbstractEntityManagerFactoryBean.java:651) - Closing JPA EntityManagerFactory for persistence unit 'default'
[2023-06-19 09:23:19] INFO lian.sample.ProductApplication(StartupInfoLogger.java:55) - Starting ProductApplication using Java 17.0.3 on limdoyoung with PID 25500 (C:\Users\dlaeh\workSpaces\gradle-multi-module\product\out\production\classes started by dlaeh in C:\Users\dlaeh\workSpaces\gradle-multi-module)
[2023-06-19 09:23:19] INFO lian.sample.ProductApplication(SpringApplication.java:637) - The following 1 profile is active: "local"
[2023-06-19 09:23:19] INFO org.springframework.data.repository.config.RepositoryConfigurationDelegate(RepositoryConfigurationDelegate.java:132) - Bootstrapping Spring Data JPA repositories in DEFAULT mode.
[2023-06-19 09:23:19] INFO org.springframework.data.repository.config.RepositoryConfigurationDelegate(RepositoryConfigurationDelegate.java:201) - Finished Spring Data repository scanning in 2 ms. Found 0 JPA repository interfaces.
[2023-06-19 09:23:19] INFO org.springframework.boot.web.embedded.tomcat.TomcatWebServer(TomcatWebServer.java:108) - Tomcat initialized with port(s): 8081 (http)
[2023-06-19 09:23:19] INFO org.springframework.boot.web.servlet.context.ServletWebServerApplicationContext(ServletWebServerApplicationContext.java:292) - Root WebApplicationContext: initialization completed in 322 ms
[2023-06-19 09:23:19] INFO org.hibernate.jpa.internal.util.LogHelper(LogHelper.java:31) - HHH000204: Processing PersistenceUnitInfo [name: default]
[2023-06-19 09:23:19] INFO org.hibernate.dialect.Dialect(Dialect.java:175) - HHH000400: Using dialect: org.hibernate.dialect.PostgreSQL10Dialect
[2023-06-19 09:23:19] INFO org.hibernate.engine.transaction.jta.platform.internal.JtaPlatformInitiator(JtaPlatformInitiator.java:52) - HHH000490: Using JtaPlatform implementation: [org.hibernate.engine.transaction.jta.platform.internal.NoJtaPlatform]
[2023-06-19 09:23:19] INFO org.springframework.orm.jpa.LocalContainerEntityManagerFactoryBean(AbstractEntityManagerFactoryBean.java:437) - Initialized JPA EntityManagerFactory for persistence unit 'default'
[2023-06-19 09:23:19] WARN org.springframework.boot.autoconfigure.orm.jpa.JpaBaseConfiguration$JpaWebConfiguration(JpaBaseConfiguration.java:223) - spring.jpa.open-in-view is enabled by default. Therefore, database queries may be performed during view rendering. Explicitly configure spring.jpa.open-in-view to disable this warning
[2023-06-19 09:23:19] INFO org.springframework.boot.devtools.autoconfigure.OptionalLiveReloadServer(OptionalLiveReloadServer.java:59) - LiveReload server is running on port 35729
[2023-06-19 09:23:19] INFO org.springframework.boot.web.embedded.tomcat.TomcatWebServer(TomcatWebServer.java:220) - Tomcat started on port(s): 8081 (http) with context path ''
[2023-06-19 09:23:19] INFO lian.sample.ProductApplication(StartupInfoLogger.java:61) - Started ProductApplication in 0.685 seconds (JVM running for 1004.382)
[2023-06-19 09:23:19] INFO org.springframework.boot.devtools.autoconfigure.ConditionEvaluationDeltaLoggingListener(ConditionEvaluationDeltaLoggingListener.java:63) - Condition evaluation unchanged
[2023-06-19 09:23:21] INFO org.springframework.boot.devtools.autoconfigure.LocalDevToolsAutoConfiguration$RestartingClassPathChangeChangedEventListener(LocalDevToolsAutoConfiguration.java:211) - Restarting due to 2 class path changes (2 additions, 0 deletions, 0 modifications)
[2023-06-19 09:23:21] INFO org.springframework.orm.jpa.LocalContainerEntityManagerFactoryBean(AbstractEntityManagerFactoryBean.java:651) - Closing JPA EntityManagerFactory for persistence unit 'default'
[2023-06-19 09:23:21] INFO lian.sample.ProductApplication(StartupInfoLogger.java:55) - Starting ProductApplication using Java 17.0.3 on limdoyoung with PID 25500 (C:\Users\dlaeh\workSpaces\gradle-multi-module\product\out\production\classes started by dlaeh in C:\Users\dlaeh\workSpaces\gradle-multi-module)
[2023-06-19 09:23:21] INFO lian.sample.ProductApplication(SpringApplication.java:637) - The following 1 profile is active: "local"
[2023-06-19 09:23:21] INFO org.springframework.data.repository.config.RepositoryConfigurationDelegate(RepositoryConfigurationDelegate.java:132) - Bootstrapping Spring Data JPA repositories in DEFAULT mode.
[2023-06-19 09:23:21] INFO org.springframework.data.repository.config.RepositoryConfigurationDelegate(RepositoryConfigurationDelegate.java:201) - Finished Spring Data repository scanning in 1 ms. Found 0 JPA repository interfaces.
[2023-06-19 09:23:21] INFO org.springframework.boot.web.embedded.tomcat.TomcatWebServer(TomcatWebServer.java:108) - Tomcat initialized with port(s): 8081 (http)
[2023-06-19 09:23:21] INFO org.springframework.boot.web.servlet.context.ServletWebServerApplicationContext(ServletWebServerApplicationContext.java:292) - Root WebApplicationContext: initialization completed in 493 ms
[2023-06-19 09:23:21] INFO org.hibernate.jpa.internal.util.LogHelper(LogHelper.java:31) - HHH000204: Processing PersistenceUnitInfo [name: default]
[2023-06-19 09:23:21] INFO org.hibernate.dialect.Dialect(Dialect.java:175) - HHH000400: Using dialect: org.hibernate.dialect.PostgreSQL10Dialect
[2023-06-19 09:23:21] INFO org.hibernate.engine.transaction.jta.platform.internal.JtaPlatformInitiator(JtaPlatformInitiator.java:52) - HHH000490: Using JtaPlatform implementation: [org.hibernate.engine.transaction.jta.platform.internal.NoJtaPlatform]
[2023-06-19 09:23:21] INFO org.springframework.orm.jpa.LocalContainerEntityManagerFactoryBean(AbstractEntityManagerFactoryBean.java:437) - Initialized JPA EntityManagerFactory for persistence unit 'default'
[2023-06-19 09:23:21] WARN org.springframework.boot.autoconfigure.orm.jpa.JpaBaseConfiguration$JpaWebConfiguration(JpaBaseConfiguration.java:223) - spring.jpa.open-in-view is enabled by default. Therefore, database queries may be performed during view rendering. Explicitly configure spring.jpa.open-in-view to disable this warning
[2023-06-19 09:23:22] INFO org.springframework.boot.devtools.autoconfigure.OptionalLiveReloadServer(OptionalLiveReloadServer.java:59) - LiveReload server is running on port 35729
[2023-06-19 09:23:22] INFO org.springframework.boot.web.embedded.tomcat.TomcatWebServer(TomcatWebServer.java:220) - Tomcat started on port(s): 8081 (http) with context path ''
[2023-06-19 09:23:22] INFO lian.sample.ProductApplication(StartupInfoLogger.java:61) - Started ProductApplication in 1.207 seconds (JVM running for 1007.076)
[2023-06-19 09:23:22] INFO org.springframework.boot.devtools.autoconfigure.ConditionEvaluationDeltaLoggingListener(ConditionEvaluationDeltaLoggingListener.java:63) - Condition evaluation unchanged
[2023-06-19 10:05:39] INFO org.springframework.orm.jpa.LocalContainerEntityManagerFactoryBean(AbstractEntityManagerFactoryBean.java:651) - Closing JPA EntityManagerFactory for persistence unit 'default'
[2023-06-19 10:05:42] INFO lian.sample.ProductApplication(StartupInfoLogger.java:55) - Starting ProductApplication using Java 17.0.3 on limdoyoung with PID 22636 (C:\Users\dlaeh\workSpaces\gradle-multi-module\product\out\production\classes started by dlaeh in C:\Users\dlaeh\workSpaces\gradle-multi-module)
[2023-06-19 10:05:42] INFO lian.sample.ProductApplication(SpringApplication.java:637) - The following 1 profile is active: "local"
[2023-06-19 10:05:42] INFO org.springframework.boot.devtools.env.DevToolsPropertyDefaultsPostProcessor(DeferredLog.java:255) - Devtools property defaults active! Set 'spring.devtools.add-properties' to 'false' to disable
[2023-06-19 10:05:42] INFO org.springframework.boot.devtools.env.DevToolsPropertyDefaultsPostProcessor(DeferredLog.java:255) - For additional web related logging consider setting the 'logging.level.web' property to 'DEBUG'
[2023-06-19 10:05:43] INFO org.springframework.boot.web.embedded.tomcat.TomcatWebServer(TomcatWebServer.java:108) - Tomcat initialized with port(s): 8081 (http)
[2023-06-19 10:05:43] INFO org.springframework.boot.web.servlet.context.ServletWebServerApplicationContext(ServletWebServerApplicationContext.java:292) - Root WebApplicationContext: initialization completed in 1167 ms
[2023-06-19 10:05:43] INFO org.springframework.boot.devtools.autoconfigure.OptionalLiveReloadServer(OptionalLiveReloadServer.java:59) - LiveReload server is running on port 35729
[2023-06-19 10:05:43] INFO org.springframework.boot.web.embedded.tomcat.TomcatWebServer(TomcatWebServer.java:220) - Tomcat started on port(s): 8081 (http) with context path ''
[2023-06-19 10:05:43] INFO lian.sample.ProductApplication(StartupInfoLogger.java:61) - Started ProductApplication in 2.074 seconds (JVM running for 2.908)
[2023-06-19 10:08:48] INFO org.springframework.boot.devtools.autoconfigure.LocalDevToolsAutoConfiguration$RestartingClassPathChangeChangedEventListener(LocalDevToolsAutoConfiguration.java:211) - Restarting due to 2 class path changes (0 additions, 2 deletions, 0 modifications)
[2023-06-19 10:08:48] INFO lian.sample.ProductApplication(StartupInfoLogger.java:55) - Starting ProductApplication using Java 17.0.3 on limdoyoung with PID 22636 (C:\Users\dlaeh\workSpaces\gradle-multi-module\product\out\production\classes started by dlaeh in C:\Users\dlaeh\workSpaces\gradle-multi-module)
[2023-06-19 10:08:48] INFO lian.sample.ProductApplication(SpringApplication.java:637) - The following 1 profile is active: "local"
[2023-06-19 10:08:48] INFO org.springframework.boot.web.embedded.tomcat.TomcatWebServer(TomcatWebServer.java:108) - Tomcat initialized with port(s): 8081 (http)
[2023-06-19 10:08:48] INFO org.springframework.boot.web.servlet.context.ServletWebServerApplicationContext(ServletWebServerApplicationContext.java:292) - Root WebApplicationContext: initialization completed in 221 ms
[2023-06-19 10:08:49] INFO org.springframework.boot.devtools.autoconfigure.OptionalLiveReloadServer(OptionalLiveReloadServer.java:59) - LiveReload server is running on port 35729
[2023-06-19 10:08:49] INFO org.springframework.boot.web.embedded.tomcat.TomcatWebServer(TomcatWebServer.java:220) - Tomcat started on port(s): 8081 (http) with context path ''
[2023-06-19 10:08:49] INFO lian.sample.ProductApplication(StartupInfoLogger.java:61) - Started ProductApplication in 0.372 seconds (JVM running for 188.07)
[2023-06-19 10:08:49] INFO org.springframework.boot.devtools.autoconfigure.ConditionEvaluationDeltaLoggingListener(ConditionEvaluationDeltaLoggingListener.java:63) - Condition evaluation unchanged
[2023-06-19 10:08:50] INFO org.springframework.boot.devtools.autoconfigure.LocalDevToolsAutoConfiguration$RestartingClassPathChangeChangedEventListener(LocalDevToolsAutoConfiguration.java:211) - Restarting due to 2 class path changes (2 additions, 0 deletions, 0 modifications)
[2023-06-19 10:08:50] INFO lian.sample.ProductApplication(StartupInfoLogger.java:55) - Starting ProductApplication using Java 17.0.3 on limdoyoung with PID 22636 (C:\Users\dlaeh\workSpaces\gradle-multi-module\product\out\production\classes started by dlaeh in C:\Users\dlaeh\workSpaces\gradle-multi-module)
[2023-06-19 10:08:50] INFO lian.sample.ProductApplication(SpringApplication.java:637) - The following 1 profile is active: "local"
[2023-06-19 10:08:50] INFO org.springframework.boot.web.embedded.tomcat.TomcatWebServer(TomcatWebServer.java:108) - Tomcat initialized with port(s): 8081 (http)
[2023-06-19 10:08:50] INFO org.springframework.boot.web.servlet.context.ServletWebServerApplicationContext(ServletWebServerApplicationContext.java:292) - Root WebApplicationContext: initialization completed in 246 ms
[2023-06-19 10:08:50] INFO org.springframework.boot.devtools.autoconfigure.OptionalLiveReloadServer(OptionalLiveReloadServer.java:59) - LiveReload server is running on port 35729
[2023-06-19 10:08:50] INFO org.springframework.boot.web.embedded.tomcat.TomcatWebServer(TomcatWebServer.java:220) - Tomcat started on port(s): 8081 (http) with context path ''
[2023-06-19 10:08:50] INFO lian.sample.ProductApplication(StartupInfoLogger.java:61) - Started ProductApplication in 0.401 seconds (JVM running for 189.96)
[2023-06-19 10:08:50] INFO org.springframework.boot.devtools.autoconfigure.ConditionEvaluationDeltaLoggingListener(ConditionEvaluationDeltaLoggingListener.java:63) - Condition evaluation unchanged
[2023-06-19 10:09:06] INFO lian.sample.ProductApplication(StartupInfoLogger.java:55) - Starting ProductApplication using Java 17.0.3 on limdoyoung with PID 25840 (C:\Users\dlaeh\workSpaces\gradle-multi-module\product\out\production\classes started by dlaeh in C:\Users\dlaeh\workSpaces\gradle-multi-module)
[2023-06-19 10:09:06] INFO lian.sample.ProductApplication(SpringApplication.java:637) - The following 1 profile is active: "local"
[2023-06-19 10:09:06] INFO org.springframework.boot.devtools.env.DevToolsPropertyDefaultsPostProcessor(DeferredLog.java:255) - Devtools property defaults active! Set 'spring.devtools.add-properties' to 'false' to disable
[2023-06-19 10:09:06] INFO org.springframework.boot.devtools.env.DevToolsPropertyDefaultsPostProcessor(DeferredLog.java:255) - For additional web related logging consider setting the 'logging.level.web' property to 'DEBUG'
[2023-06-19 10:09:07] INFO org.springframework.boot.web.embedded.tomcat.TomcatWebServer(TomcatWebServer.java:108) - Tomcat initialized with port(s): 8081 (http)
[2023-06-19 10:09:07] INFO org.springframework.boot.web.servlet.context.ServletWebServerApplicationContext(ServletWebServerApplicationContext.java:292) - Root WebApplicationContext: initialization completed in 1152 ms
[2023-06-19 10:09:07] INFO org.springframework.boot.devtools.autoconfigure.OptionalLiveReloadServer(OptionalLiveReloadServer.java:59) - LiveReload server is running on port 35729
[2023-06-19 10:09:07] INFO org.springframework.boot.web.embedded.tomcat.TomcatWebServer(TomcatWebServer.java:220) - Tomcat started on port(s): 8081 (http) with context path ''
[2023-06-19 10:09:07] INFO lian.sample.ProductApplication(StartupInfoLogger.java:61) - Started ProductApplication in 2.079 seconds (JVM running for 2.903)
[2023-06-19 10:11:46] INFO lian.sample.ProductApplication(StartupInfoLogger.java:55) - Starting ProductApplication using Java 17.0.3 on limdoyoung with PID 27560 (C:\Users\dlaeh\workSpaces\gradle-multi-module\product\out\production\classes started by dlaeh in C:\Users\dlaeh\workSpaces\gradle-multi-module)
[2023-06-19 10:11:46] INFO lian.sample.ProductApplication(SpringApplication.java:637) - The following 1 profile is active: "local"
[2023-06-19 10:11:46] INFO org.springframework.boot.devtools.env.DevToolsPropertyDefaultsPostProcessor(DeferredLog.java:255) - Devtools property defaults active! Set 'spring.devtools.add-properties' to 'false' to disable
[2023-06-19 10:11:46] INFO org.springframework.boot.devtools.env.DevToolsPropertyDefaultsPostProcessor(DeferredLog.java:255) - For additional web related logging consider setting the 'logging.level.web' property to 'DEBUG'
[2023-06-19 10:11:47] INFO org.springframework.boot.web.embedded.tomcat.TomcatWebServer(TomcatWebServer.java:108) - Tomcat initialized with port(s): 8081 (http)
[2023-06-19 10:11:47] INFO org.springframework.boot.web.servlet.context.ServletWebServerApplicationContext(ServletWebServerApplicationContext.java:292) - Root WebApplicationContext: initialization completed in 1239 ms
[2023-06-19 10:11:48] INFO org.springframework.boot.devtools.autoconfigure.OptionalLiveReloadServer(OptionalLiveReloadServer.java:59) - LiveReload server is running on port 35729
[2023-06-19 10:11:48] INFO org.springframework.boot.web.embedded.tomcat.TomcatWebServer(TomcatWebServer.java:220) - Tomcat started on port(s): 8081 (http) with context path ''
[2023-06-19 10:11:48] INFO lian.sample.ProductApplication(StartupInfoLogger.java:61) - Started ProductApplication in 2.274 seconds (JVM running for 3.183)
[2023-06-19 10:23:26] INFO lian.sample.ProductApplication(StartupInfoLogger.java:55) - Starting ProductApplication using Java 17.0.3 on limdoyoung with PID 22468 (C:\Users\dlaeh\workSpaces\gradle-multi-module\product\out\production\classes started by dlaeh in C:\Users\dlaeh\workSpaces\gradle-multi-module)
[2023-06-19 10:23:26] INFO lian.sample.ProductApplication(SpringApplication.java:637) - The following 1 profile is active: "local"
[2023-06-19 10:23:26] INFO org.springframework.boot.devtools.env.DevToolsPropertyDefaultsPostProcessor(DeferredLog.java:255) - Devtools property defaults active! Set 'spring.devtools.add-properties' to 'false' to disable
[2023-06-19 10:23:26] INFO org.springframework.boot.devtools.env.DevToolsPropertyDefaultsPostProcessor(DeferredLog.java:255) - For additional web related logging consider setting the 'logging.level.web' property to 'DEBUG'
[2023-06-19 10:23:27] INFO org.springframework.boot.web.embedded.tomcat.TomcatWebServer(TomcatWebServer.java:108) - Tomcat initialized with port(s): 8081 (http)
[2023-06-19 10:23:27] INFO org.springframework.boot.web.servlet.context.ServletWebServerApplicationContext(ServletWebServerApplicationContext.java:292) - Root WebApplicationContext: initialization completed in 1172 ms
[2023-06-19 10:23:27] INFO org.springframework.boot.devtools.autoconfigure.OptionalLiveReloadServer(OptionalLiveReloadServer.java:59) - LiveReload server is running on port 35729
[2023-06-19 10:23:27] INFO org.springframework.boot.web.embedded.tomcat.TomcatWebServer(TomcatWebServer.java:220) - Tomcat started on port(s): 8081 (http) with context path ''
[2023-06-19 10:23:27] INFO lian.sample.ProductApplication(StartupInfoLogger.java:61) - Started ProductApplication in 2.086 seconds (JVM running for 2.93)
[2023-06-19 11:22:56] INFO org.springframework.boot.devtools.autoconfigure.LocalDevToolsAutoConfiguration$RestartingClassPathChangeChangedEventListener(LocalDevToolsAutoConfiguration.java:211) - Restarting due to 1 class path change (0 additions, 1 deletion, 0 modifications)
[2023-06-19 11:22:56] INFO lian.sample.ProductApplication(StartupInfoLogger.java:55) - Starting ProductApplication using Java 17.0.3 on limdoyoung with PID 22468 (C:\Users\dlaeh\workSpaces\gradle-multi-module\product\out\production\classes started by dlaeh in C:\Users\dlaeh\workSpaces\gradle-multi-module)
[2023-06-19 11:22:56] INFO lian.sample.ProductApplication(SpringApplication.java:637) - The following 1 profile is active: "local"
[2023-06-19 11:22:56] INFO org.springframework.boot.web.embedded.tomcat.TomcatWebServer(TomcatWebServer.java:108) - Tomcat initialized with port(s): 8081 (http)
[2023-06-19 11:22:56] INFO org.springframework.boot.web.servlet.context.ServletWebServerApplicationContext(ServletWebServerApplicationContext.java:292) - Root WebApplicationContext: initialization completed in 179 ms
[2023-06-19 11:22:56] INFO org.springframework.boot.devtools.autoconfigure.OptionalLiveReloadServer(OptionalLiveReloadServer.java:59) - LiveReload server is running on port 35729
[2023-06-19 11:22:56] INFO org.springframework.boot.web.embedded.tomcat.TomcatWebServer(TomcatWebServer.java:220) - Tomcat started on port(s): 8081 (http) with context path ''
[2023-06-19 11:22:56] INFO lian.sample.ProductApplication(StartupInfoLogger.java:61) - Started ProductApplication in 0.316 seconds (JVM running for 3571.638)
[2023-06-19 11:22:56] INFO org.springframework.boot.devtools.autoconfigure.ConditionEvaluationDeltaLoggingListener(ConditionEvaluationDeltaLoggingListener.java:63) - Condition evaluation unchanged
[2023-06-19 11:22:57] INFO org.springframework.boot.devtools.autoconfigure.LocalDevToolsAutoConfiguration$RestartingClassPathChangeChangedEventListener(LocalDevToolsAutoConfiguration.java:211) - Restarting due to 1 class path change (1 addition, 0 deletions, 0 modifications)
[2023-06-19 11:22:58] INFO lian.sample.ProductApplication(StartupInfoLogger.java:55) - Starting ProductApplication using Java 17.0.3 on limdoyoung with PID 22468 (C:\Users\dlaeh\workSpaces\gradle-multi-module\product\out\production\classes started by dlaeh in C:\Users\dlaeh\workSpaces\gradle-multi-module)
[2023-06-19 11:22:58] INFO lian.sample.ProductApplication(SpringApplication.java:637) - The following 1 profile is active: "local"
[2023-06-19 11:22:58] INFO org.springframework.boot.web.embedded.tomcat.TomcatWebServer(TomcatWebServer.java:108) - Tomcat initialized with port(s): 8081 (http)
[2023-06-19 11:22:58] INFO org.springframework.boot.web.servlet.context.ServletWebServerApplicationContext(ServletWebServerApplicationContext.java:292) - Root WebApplicationContext: initialization completed in 198 ms
[2023-06-19 11:22:58] INFO org.springframework.boot.devtools.autoconfigure.OptionalLiveReloadServer(OptionalLiveReloadServer.java:59) - LiveReload server is running on port 35729
[2023-06-19 11:22:58] INFO org.springframework.boot.web.embedded.tomcat.TomcatWebServer(TomcatWebServer.java:220) - Tomcat started on port(s): 8081 (http) with context path ''
[2023-06-19 11:22:58] INFO lian.sample.ProductApplication(StartupInfoLogger.java:61) - Started ProductApplication in 0.351 seconds (JVM running for 3573.453)
[2023-06-19 11:22:58] INFO org.springframework.boot.devtools.autoconfigure.ConditionEvaluationDeltaLoggingListener(ConditionEvaluationDeltaLoggingListener.java:63) - Condition evaluation unchanged
[2023-06-19 11:27:48] INFO org.springframework.boot.devtools.autoconfigure.LocalDevToolsAutoConfiguration$RestartingClassPathChangeChangedEventListener(LocalDevToolsAutoConfiguration.java:211) - Restarting due to 1 class path change (0 additions, 1 deletion, 0 modifications)
[2023-06-19 11:27:48] INFO lian.sample.ProductApplication(StartupInfoLogger.java:55) - Starting ProductApplication using Java 17.0.3 on limdoyoung with PID 22468 (C:\Users\dlaeh\workSpaces\gradle-multi-module\product\out\production\classes started by dlaeh in C:\Users\dlaeh\workSpaces\gradle-multi-module)
[2023-06-19 11:27:48] INFO lian.sample.ProductApplication(SpringApplication.java:637) - The following 1 profile is active: "local"
[2023-06-19 11:27:48] INFO org.springframework.boot.web.embedded.tomcat.TomcatWebServer(TomcatWebServer.java:108) - Tomcat initialized with port(s): 8081 (http)
[2023-06-19 11:27:48] INFO org.springframework.boot.web.servlet.context.ServletWebServerApplicationContext(ServletWebServerApplicationContext.java:292) - Root WebApplicationContext: initialization completed in 265 ms
[2023-06-19 11:27:48] INFO org.springframework.boot.devtools.autoconfigure.OptionalLiveReloadServer(OptionalLiveReloadServer.java:59) - LiveReload server is running on port 35729
[2023-06-19 11:27:48] INFO org.springframework.boot.web.embedded.tomcat.TomcatWebServer(TomcatWebServer.java:220) - Tomcat started on port(s): 8081 (http) with context path ''
[2023-06-19 11:27:48] INFO lian.sample.ProductApplication(StartupInfoLogger.java:61) - Started ProductApplication in 0.403 seconds (JVM running for 3863.645)
[2023-06-19 11:27:48] INFO org.springframework.boot.devtools.autoconfigure.ConditionEvaluationDeltaLoggingListener(ConditionEvaluationDeltaLoggingListener.java:63) - Condition evaluation unchanged
[2023-06-19 11:27:49] INFO org.springframework.boot.devtools.autoconfigure.LocalDevToolsAutoConfiguration$RestartingClassPathChangeChangedEventListener(LocalDevToolsAutoConfiguration.java:211) - Restarting due to 1 class path change (1 addition, 0 deletions, 0 modifications)
[2023-06-19 11:27:50] INFO lian.sample.ProductApplication(StartupInfoLogger.java:55) - Starting ProductApplication using Java 17.0.3 on limdoyoung with PID 22468 (C:\Users\dlaeh\workSpaces\gradle-multi-module\product\out\production\classes started by dlaeh in C:\Users\dlaeh\workSpaces\gradle-multi-module)
[2023-06-19 11:27:50] INFO lian.sample.ProductApplication(SpringApplication.java:637) - The following 1 profile is active: "local"
[2023-06-19 11:27:50] INFO org.springframework.boot.web.embedded.tomcat.TomcatWebServer(TomcatWebServer.java:108) - Tomcat initialized with port(s): 8081 (http)
[2023-06-19 11:27:50] INFO org.springframework.boot.web.servlet.context.ServletWebServerApplicationContext(ServletWebServerApplicationContext.java:292) - Root WebApplicationContext: initialization completed in 360 ms
[2023-06-19 11:27:50] INFO org.springframework.boot.devtools.autoconfigure.OptionalLiveReloadServer(OptionalLiveReloadServer.java:59) - LiveReload server is running on port 35729
[2023-06-19 11:27:50] INFO org.springframework.boot.web.embedded.tomcat.TomcatWebServer(TomcatWebServer.java:220) - Tomcat started on port(s): 8081 (http) with context path ''
[2023-06-19 11:27:50] INFO lian.sample.ProductApplication(StartupInfoLogger.java:61) - Started ProductApplication in 0.489 seconds (JVM running for 3865.603)
[2023-06-19 11:27:50] INFO org.springframework.boot.devtools.autoconfigure.ConditionEvaluationDeltaLoggingListener(ConditionEvaluationDeltaLoggingListener.java:63) - Condition evaluation unchanged
