[2023-06-19 09:06:36] INFO lian.sample.ProductApplication(StartupInfoLogger.java:55) - Starting ProductApplication using Java 17.0.3 on limdoyoung with PID 25500 (C:\Users\dlaeh\workSpaces\gradle-multi-module\product\out\production\classes started by dlaeh in C:\Users\dlaeh\workSpaces\gradle-multi-module)
[2023-06-19 09:06:36] INFO lian.sample.ProductApplication(SpringApplication.java:637) - The following 1 profile is active: "local"
[2023-06-19 09:06:36] INFO org.springframework.boot.devtools.env.DevToolsPropertyDefaultsPostProcessor(DeferredLog.java:255) - Devtools property defaults active! Set 'spring.devtools.add-properties' to 'false' to disable
[2023-06-19 09:06:36] INFO org.springframework.boot.devtools.env.DevToolsPropertyDefaultsPostProcessor(DeferredLog.java:255) - For additional web related logging consider setting the 'logging.level.web' property to 'DEBUG'
[2023-06-19 09:06:37] INFO org.springframework.data.repository.config.RepositoryConfigurationDelegate(RepositoryConfigurationDelegate.java:132) - Bootstrapping Spring Data JPA repositories in DEFAULT mode.
[2023-06-19 09:06:37] INFO org.springframework.data.repository.config.RepositoryConfigurationDelegate(RepositoryConfigurationDelegate.java:201) - Finished Spring Data repository scanning in 5 ms. Found 0 JPA repository interfaces.
[2023-06-19 09:06:37] INFO org.springframework.boot.web.embedded.tomcat.TomcatWebServer(TomcatWebServer.java:108) - Tomcat initialized with port(s): 8081 (http)
[2023-06-19 09:06:38] INFO org.springframework.boot.web.servlet.context.ServletWebServerApplicationContext(ServletWebServerApplicationContext.java:292) - Root WebApplicationContext: initialization completed in 1478 ms
[2023-06-19 09:06:38] INFO org.hibernate.jpa.internal.util.LogHelper(LogHelper.java:31) - HHH000204: Processing PersistenceUnitInfo [name: default]
[2023-06-19 09:06:38] INFO org.hibernate.Version(Version.java:44) - HHH000412: Hibernate ORM core version 5.6.15.Final
[2023-06-19 09:06:38] INFO org.hibernate.annotations.common.Version(JavaReflectionManager.java:56) - HCANN000001: Hibernate Commons Annotations {5.1.2.Final}
[2023-06-19 09:06:39] INFO org.hibernate.dialect.Dialect(Dialect.java:175) - HHH000400: Using dialect: org.hibernate.dialect.PostgreSQL10Dialect
[2023-06-19 09:06:39] INFO org.hibernate.engine.transaction.jta.platform.internal.JtaPlatformInitiator(JtaPlatformInitiator.java:52) - HHH000490: Using JtaPlatform implementation: [org.hibernate.engine.transaction.jta.platform.internal.NoJtaPlatform]
[2023-06-19 09:06:39] INFO org.springframework.orm.jpa.LocalContainerEntityManagerFactoryBean(AbstractEntityManagerFactoryBean.java:437) - Initialized JPA EntityManagerFactory for persistence unit 'default'
[2023-06-19 09:06:39] WARN org.springframework.boot.autoconfigure.orm.jpa.JpaBaseConfiguration$JpaWebConfiguration(JpaBaseConfiguration.java:223) - spring.jpa.open-in-view is enabled by default. Therefore, database queries may be performed during view rendering. Explicitly configure spring.jpa.open-in-view to disable this warning
[2023-06-19 09:06:39] INFO org.springframework.boot.devtools.autoconfigure.OptionalLiveReloadServer(OptionalLiveReloadServer.java:59) - LiveReload server is running on port 35729
[2023-06-19 09:06:40] INFO org.springframework.boot.web.embedded.tomcat.TomcatWebServer(TomcatWebServer.java:220) - Tomcat started on port(s): 8081 (http) with context path ''
[2023-06-19 09:06:40] INFO lian.sample.ProductApplication(StartupInfoLogger.java:61) - Started ProductApplication in 3.772 seconds (JVM running for 4.733)
[2023-06-19 09:07:08] INFO org.springframework.boot.devtools.autoconfigure.LocalDevToolsAutoConfiguration$RestartingClassPathChangeChangedEventListener(LocalDevToolsAutoConfiguration.java:211) - Restarting due to 1 class path change (0 additions, 0 deletions, 1 modification)
[2023-06-19 09:07:08] INFO org.springframework.orm.jpa.LocalContainerEntityManagerFactoryBean(AbstractEntityManagerFactoryBean.java:651) - Closing JPA EntityManagerFactory for persistence unit 'default'
